<?xml version="1.0" encoding="UTF-8"?>
<!-- Generated by org.testng.reporters.JUnitReportReporter -->
<testsuite hostname="DESKTOP-1490L1R" failures="0" tests="5" name="Pom.testcases.HZC" time="33.706" errors="0" timestamp="2024-09-23T09:46:36 GMT-04:00" skipped="0">
  <testcase classname="Pom.testcases.HZC" name="login" time="10.793"/>
  <system-out/>
  <testcase classname="Pom.testcases.HZC" name="clickZcc" time="7.395"/>
  <system-out/>
  <testcase classname="Pom.testcases.HZC" name="switchToTab" time="14.346"/>
  <system-out/>
  <testcase classname="Pom.testcases.HZC" name="getTableHeadersRecords" time="0.330"/>
  <system-out/>
  <testcase classname="Pom.testcases.HZC" name="getTableBodyRecords" time="0.842"/>
  <system-out/>
</testsuite> <!-- Pom.testcases.HZC -->
