<?xml version="1.0" encoding="UTF-8"?>
<!-- Generated by org.testng.reporters.JUnitReportReporter -->
<testsuite hostname="DESKTOP-1490L1R" failures="0" tests="1" name="Pages.General" time="0.016" errors="0" timestamp="2024-09-12T21:32:51 GMT-04:00" skipped="0">
  <testcase classname="Pages.General" name="newDate" time="0.016"/>
  <system-out/>
</testsuite> <!-- Pages.General -->
