<?xml version="1.0" encoding="UTF-8"?>
<!-- Generated by org.testng.reporters.JUnitReportReporter -->
<testsuite hostname="DESKTOP-1490L1R" failures="0" tests="2" name="basicweb.LoginPage" time="10.701" errors="0" timestamp="2024-08-06T06:57:57 GMT-04:00" skipped="0">
  <testcase classname="basicweb.LoginPage" name="invokeBrowser" time="10.399"/>
  <system-out/>
  <testcase classname="basicweb.LoginPage" name="provideUserDetails" time="0.302"/>
  <system-out/>
</testsuite> <!-- basicweb.LoginPage -->
