<?xml version="1.0" encoding="UTF-8"?>
<!-- Generated by org.testng.reporters.JUnitReportReporter -->
<testsuite hostname="DESKTOP-1490L1R" failures="0" tests="5" name="Pom.testcases.TrailingReturns" time="28.424" errors="0" timestamp="2024-09-22T16:06:31 GMT-04:00" skipped="0">
  <testcase classname="Pom.testcases.TrailingReturns" name="login" time="10.315"/>
  <system-out/>
  <testcase classname="Pom.testcases.TrailingReturns" name="clickZcc" time="7.167"/>
  <system-out/>
  <testcase classname="Pom.testcases.TrailingReturns" name="switchToTab" time="10.175"/>
  <system-out/>
  <testcase classname="Pom.testcases.TrailingReturns" name="getTableHeadersRecords" time="0.217"/>
  <system-out/>
  <testcase classname="Pom.testcases.TrailingReturns" name="getTableBodyRecords" time="0.550"/>
  <system-out/>
</testsuite> <!-- Pom.testcases.TrailingReturns -->
