<?xml version="1.0" encoding="UTF-8"?>
<!-- Generated by org.testng.reporters.JUnitReportReporter -->
<testsuite hostname="DESKTOP-1490L1R" failures="0" tests="2" name="Pom.testcases.Joblogs" time="11.483" errors="0" timestamp="2024-09-21T19:44:40 GMT-04:00" skipped="0">
  <testcase classname="Pom.testcases.Joblogs" name="login" time="11.215"/>
  <system-out/>
  <testcase classname="Pom.testcases.Joblogs" name="checkJobStatus" time="0.268"/>
  <system-out/>
</testsuite> <!-- Pom.testcases.Joblogs -->
